<?xml version='1.0' encoding='UTF-8'?>
<testsuite hostname="DESKTOP-9LB40F3" name="de.htwg.se.bettler.controller.controllerBaseImp.controllerSpec" tests="9" errors="0" failures="0" skipped="0" time="0.263" timestamp="2023-04-25T20:49:48">
          <properties>
[...]
</properties>
          <testcase classname="de.htwg.se.bettler.controller.controllerBaseImp.controllerSpec" name="Controller should have a method play, that returns a Game" time="0.226">
                      
                    </testcase><testcase classname="de.htwg.se.bettler.controller.controllerBaseImp.controllerSpec" name="Controller should have a method skip to skip a turn" time="0.001">
                      
                    </testcase><testcase classname="de.htwg.se.bettler.controller.controllerBaseImp.controllerSpec" name="Controller should have a method start to start a new game" time="0.007">
                      
                    </testcase><testcase classname="de.htwg.se.bettler.controller.controllerBaseImp.controllerSpec" name="Controller should throw back none when no game is speciefied" time="0.004">
                      
                    </testcase><testcase classname="de.htwg.se.bettler.controller.controllerBaseImp.controllerSpec" name="Controller should have a method toString that returns the games string representation or a message, that the game is not initialized" time="0.014">
                      
                    </testcase><testcase classname="de.htwg.se.bettler.controller.controllerBaseImp.controllerSpec" name="Controller should have a method to save a game and to restore the game from a saved game" time="0.004">
                      
                    </testcase><testcase classname="de.htwg.se.bettler.controller.controllerBaseImp.controllerSpec" name="Controller should have a method to start the Next Round" time="0.004">
                      
                    </testcase><testcase classname="de.htwg.se.bettler.controller.controllerBaseImp.controllerSpec" name="Controller should have a method to undo a turn" time="0.001">
                      
                    </testcase><testcase classname="de.htwg.se.bettler.controller.controllerBaseImp.controllerSpec" name="Controller should have a method to redo a turn" time="0.002">
                      
                    </testcase>
          <system-out><![CDATA[]]></system-out>
          <system-err><![CDATA[]]></system-err>
        </testsuite>